Log 28/06/2018 00:00:00
14:15	Ok	OnStart	Servicio inicializado.
14:15	Ok	MailService	Se ha enviado un mail con el asunto: Se ha inicializado el servicio de Fichada
14:15	Ok	LeerRelojes()	Buscando relojes en 
14:15	Ok	LeerRelojes()	Se encontraron 1 relojes
14:16	Ok	ProcesarRelojes()	Procesando 1 relojes
14:16	Ok	clkZKSoft()	Conectandose 192.168.4.240:4370
14:16	Ok	clkZKSoft()	Conectado a 192.168.4.240:4370
14:16	Ok	clkZKSoft()	Procesando registros de 192.168.4.240:4370
14:16	Ok	clkZKSoft()	Envios a Server1: Server=192.168.4.20;Port=1972;Namespace=SHAMAN;User ID=_system;Password=sys;
14:16	Ok	clkZKSoft()	Cantidad de Registros: 7
14:16	Ok	clkZKSoft()	Revisando Legajo: 9109
14:16	Ok	clkZKSoft()	Fecha del Registro: 2018-6-26 11:50:44
14:16	Ok	clkZKSoft()	Respuesta vSQLCode: -119
14:16	Ok	clkZKSoft()	Revisando Legajo: 9096
14:16	Ok	clkZKSoft()	Fecha del Registro: 2018-6-26 21:45:36
14:16	Ok	clkZKSoft()	Respuesta vSQLCode: -119
14:16	Ok	clkZKSoft()	Revisando Legajo: 9096
14:16	Ok	clkZKSoft()	Fecha del Registro: 2018-6-27 6:7:40
14:16	Ok	clkZKSoft()	Exepcion en SetFichada: No se puede mostrar un cuadro de diálogo o formulario modal cuando la aplicación no está en modo UserInteractive. Especifique el estilo ServiceNotification o DefaultDesktopOnly para mostrar una notificación de una aplicación de servicio.
14:16	Ok	clkZKSoft()	Revisando Legajo: 9036
14:16	Ok	clkZKSoft()	Fecha del Registro: 2018-6-27 6:54:10
14:16	Ok	clkZKSoft()	Exepcion en SetFichada: No se puede mostrar un cuadro de diálogo o formulario modal cuando la aplicación no está en modo UserInteractive. Especifique el estilo ServiceNotification o DefaultDesktopOnly para mostrar una notificación de una aplicación de servicio.
14:16	Ok	clkZKSoft()	Revisando Legajo: 9114
14:16	Ok	clkZKSoft()	Fecha del Registro: 2018-6-27 7:0:19
14:16	Ok	clkZKSoft()	Exepcion en SetFichada: No se puede mostrar un cuadro de diálogo o formulario modal cuando la aplicación no está en modo UserInteractive. Especifique el estilo ServiceNotification o DefaultDesktopOnly para mostrar una notificación de una aplicación de servicio.
14:16	Ok	clkZKSoft()	Revisando Legajo: 9096
14:16	Ok	clkZKSoft()	Fecha del Registro: 2018-6-27 22:41:17
14:16	Ok	clkZKSoft()	Respuesta vSQLCode: -119
14:16	Ok	clkZKSoft()	Revisando Legajo: 9096
14:16	Ok	clkZKSoft()	Fecha del Registro: 2018-6-28 13:32:56
14:16	Ok	clkZKSoft()	Exepcion en SetFichada: No se puede mostrar un cuadro de diálogo o formulario modal cuando la aplicación no está en modo UserInteractive. Especifique el estilo ServiceNotification o DefaultDesktopOnly para mostrar una notificación de una aplicación de servicio.
14:16	Ok	clkZKSoft()	Envios a Server2: Server=200.49.156.125;Port=1972;Namespace=SHAMAN;User ID=_system;Password=sys;
14:16	Ok	clkZKSoft()	Cantidad de Registros: 7
14:16	Ok	clkZKSoft()	Revisando Legajo: 9109
14:16	Ok	clkZKSoft()	Fecha del Registro: 2018-6-26 11:50:44
14:16	Ok	clkZKSoft()	Exepcion en SetFichada: No se puede mostrar un cuadro de diálogo o formulario modal cuando la aplicación no está en modo UserInteractive. Especifique el estilo ServiceNotification o DefaultDesktopOnly para mostrar una notificación de una aplicación de servicio.
14:16	Ok	clkZKSoft()	Revisando Legajo: 9096
14:16	Ok	clkZKSoft()	Fecha del Registro: 2018-6-26 21:45:36
14:16	Ok	clkZKSoft()	Exepcion en SetFichada: No se puede mostrar un cuadro de diálogo o formulario modal cuando la aplicación no está en modo UserInteractive. Especifique el estilo ServiceNotification o DefaultDesktopOnly para mostrar una notificación de una aplicación de servicio.
14:16	Ok	clkZKSoft()	Revisando Legajo: 9096
14:16	Ok	clkZKSoft()	Fecha del Registro: 2018-6-27 6:7:40
14:16	Ok	clkZKSoft()	Exepcion en SetFichada: No se puede mostrar un cuadro de diálogo o formulario modal cuando la aplicación no está en modo UserInteractive. Especifique el estilo ServiceNotification o DefaultDesktopOnly para mostrar una notificación de una aplicación de servicio.
14:16	Ok	clkZKSoft()	Revisando Legajo: 9036
14:16	Ok	clkZKSoft()	Fecha del Registro: 2018-6-27 6:54:10
14:16	Ok	clkZKSoft()	Exepcion en SetFichada: No se puede mostrar un cuadro de diálogo o formulario modal cuando la aplicación no está en modo UserInteractive. Especifique el estilo ServiceNotification o DefaultDesktopOnly para mostrar una notificación de una aplicación de servicio.
14:16	Ok	clkZKSoft()	Revisando Legajo: 9114
14:16	Ok	clkZKSoft()	Fecha del Registro: 2018-6-27 7:0:19
14:16	Ok	clkZKSoft()	Exepcion en SetFichada: No se puede mostrar un cuadro de diálogo o formulario modal cuando la aplicación no está en modo UserInteractive. Especifique el estilo ServiceNotification o DefaultDesktopOnly para mostrar una notificación de una aplicación de servicio.
14:16	Ok	clkZKSoft()	Revisando Legajo: 9096
14:16	Ok	clkZKSoft()	Fecha del Registro: 2018-6-27 22:41:17
14:16	Ok	clkZKSoft()	Exepcion en SetFichada: No se puede mostrar un cuadro de diálogo o formulario modal cuando la aplicación no está en modo UserInteractive. Especifique el estilo ServiceNotification o DefaultDesktopOnly para mostrar una notificación de una aplicación de servicio.
14:16	Ok	clkZKSoft()	Revisando Legajo: 9096
14:16	Ok	clkZKSoft()	Fecha del Registro: 2018-6-28 13:32:56
14:16	Ok	clkZKSoft()	Exepcion en SetFichada: No se puede mostrar un cuadro de diálogo o formulario modal cuando la aplicación no está en modo UserInteractive. Especifique el estilo ServiceNotification o DefaultDesktopOnly para mostrar una notificación de una aplicación de servicio.
14:16	Ok	clkZKSoft()	Vaciar Reloj 1 Ip: 192.168.4.240:4370
14:16	Ok	clkZKSoft()	Se vació RelojId 1 Ip: 192.168.4.240:4370
14:16	Ok	clkZKSoft()	Desconectar Reloj 192.168.4.240:4370
14:17	Ok	ProcesarRelojes()	Procesando 1 relojes
14:17	Ok	clkZKSoft()	Conectandose 192.168.4.240:4370
14:17	Ok	clkZKSoft()	Conectado a 192.168.4.240:4370
14:17	Ok	clkZKSoft()	Procesando registros de 192.168.4.240:4370
14:17	Ok	clkZKSoft()	Envios a Server1: Server=192.168.4.20;Port=1972;Namespace=SHAMAN;User ID=_system;Password=sys;
14:17	Ok	clkZKSoft()	Cantidad de Registros: 7
14:17	Ok	clkZKSoft()	Revisando Legajo: 9109
14:17	Ok	clkZKSoft()	Fecha del Registro: 2018-6-26 11:50:44
14:17	Ok	clkZKSoft()	Respuesta vSQLCode: -119
14:17	Ok	clkZKSoft()	Revisando Legajo: 9096
14:17	Ok	clkZKSoft()	Fecha del Registro: 2018-6-26 21:45:36
14:17	Ok	clkZKSoft()	Respuesta vSQLCode: -119
14:17	Ok	clkZKSoft()	Revisando Legajo: 9096
14:17	Ok	clkZKSoft()	Fecha del Registro: 2018-6-27 6:7:40
14:17	Ok	clkZKSoft()	Exepcion en SetFichada: No se puede mostrar un cuadro de diálogo o formulario modal cuando la aplicación no está en modo UserInteractive. Especifique el estilo ServiceNotification o DefaultDesktopOnly para mostrar una notificación de una aplicación de servicio.
14:17	Ok	clkZKSoft()	Revisando Legajo: 9036
14:17	Ok	clkZKSoft()	Fecha del Registro: 2018-6-27 6:54:10
14:17	Ok	clkZKSoft()	Exepcion en SetFichada: No se puede mostrar un cuadro de diálogo o formulario modal cuando la aplicación no está en modo UserInteractive. Especifique el estilo ServiceNotification o DefaultDesktopOnly para mostrar una notificación de una aplicación de servicio.
14:17	Ok	clkZKSoft()	Revisando Legajo: 9114
14:17	Ok	clkZKSoft()	Fecha del Registro: 2018-6-27 7:0:19
14:17	Ok	clkZKSoft()	Exepcion en SetFichada: No se puede mostrar un cuadro de diálogo o formulario modal cuando la aplicación no está en modo UserInteractive. Especifique el estilo ServiceNotification o DefaultDesktopOnly para mostrar una notificación de una aplicación de servicio.
14:17	Ok	clkZKSoft()	Revisando Legajo: 9096
14:17	Ok	clkZKSoft()	Fecha del Registro: 2018-6-27 22:41:17
14:17	Ok	clkZKSoft()	Respuesta vSQLCode: -119
14:17	Ok	clkZKSoft()	Revisando Legajo: 9096
14:17	Ok	clkZKSoft()	Fecha del Registro: 2018-6-28 13:32:56
14:17	Ok	clkZKSoft()	Exepcion en SetFichada: No se puede mostrar un cuadro de diálogo o formulario modal cuando la aplicación no está en modo UserInteractive. Especifique el estilo ServiceNotification o DefaultDesktopOnly para mostrar una notificación de una aplicación de servicio.
14:17	Ok	clkZKSoft()	Envios a Server2: Server=200.49.156.125;Port=1972;Namespace=SHAMAN;User ID=_system;Password=sys;
14:17	Ok	clkZKSoft()	Cantidad de Registros: 7
14:17	Ok	clkZKSoft()	Revisando Legajo: 9109
14:17	Ok	clkZKSoft()	Fecha del Registro: 2018-6-26 11:50:44
14:17	Ok	clkZKSoft()	Exepcion en SetFichada: No se puede mostrar un cuadro de diálogo o formulario modal cuando la aplicación no está en modo UserInteractive. Especifique el estilo ServiceNotification o DefaultDesktopOnly para mostrar una notificación de una aplicación de servicio.
14:17	Ok	clkZKSoft()	Revisando Legajo: 9096
14:17	Ok	clkZKSoft()	Fecha del Registro: 2018-6-26 21:45:36
14:17	Ok	clkZKSoft()	Exepcion en SetFichada: No se puede mostrar un cuadro de diálogo o formulario modal cuando la aplicación no está en modo UserInteractive. Especifique el estilo ServiceNotification o DefaultDesktopOnly para mostrar una notificación de una aplicación de servicio.
14:17	Ok	clkZKSoft()	Revisando Legajo: 9096
14:17	Ok	clkZKSoft()	Fecha del Registro: 2018-6-27 6:7:40
14:17	Ok	clkZKSoft()	Exepcion en SetFichada: No se puede mostrar un cuadro de diálogo o formulario modal cuando la aplicación no está en modo UserInteractive. Especifique el estilo ServiceNotification o DefaultDesktopOnly para mostrar una notificación de una aplicación de servicio.
14:17	Ok	clkZKSoft()	Revisando Legajo: 9036
14:17	Ok	clkZKSoft()	Fecha del Registro: 2018-6-27 6:54:10
14:17	Ok	clkZKSoft()	Exepcion en SetFichada: No se puede mostrar un cuadro de diálogo o formulario modal cuando la aplicación no está en modo UserInteractive. Especifique el estilo ServiceNotification o DefaultDesktopOnly para mostrar una notificación de una aplicación de servicio.
14:17	Ok	clkZKSoft()	Revisando Legajo: 9114
14:17	Ok	clkZKSoft()	Fecha del Registro: 2018-6-27 7:0:19
14:17	Ok	clkZKSoft()	Exepcion en SetFichada: No se puede mostrar un cuadro de diálogo o formulario modal cuando la aplicación no está en modo UserInteractive. Especifique el estilo ServiceNotification o DefaultDesktopOnly para mostrar una notificación de una aplicación de servicio.
14:17	Ok	clkZKSoft()	Revisando Legajo: 9096
14:17	Ok	clkZKSoft()	Fecha del Registro: 2018-6-27 22:41:17
14:17	Ok	clkZKSoft()	Exepcion en SetFichada: No se puede mostrar un cuadro de diálogo o formulario modal cuando la aplicación no está en modo UserInteractive. Especifique el estilo ServiceNotification o DefaultDesktopOnly para mostrar una notificación de una aplicación de servicio.
14:17	Ok	clkZKSoft()	Revisando Legajo: 9096
14:17	Ok	clkZKSoft()	Fecha del Registro: 2018-6-28 13:32:56
14:17	Ok	clkZKSoft()	Exepcion en SetFichada: No se puede mostrar un cuadro de diálogo o formulario modal cuando la aplicación no está en modo UserInteractive. Especifique el estilo ServiceNotification o DefaultDesktopOnly para mostrar una notificación de una aplicación de servicio.
14:17	Ok	clkZKSoft()	Vaciar Reloj 1 Ip: 192.168.4.240:4370
14:17	Ok	clkZKSoft()	Se vació RelojId 1 Ip: 192.168.4.240:4370
14:17	Ok	clkZKSoft()	Desconectar Reloj 192.168.4.240:4370
